/work_beegfs/sunam231/.micromamba/envs/04_quast/bin/quast.py assembly.fasta --circos -L --conserved-genes-finding --rna-finding --glimmer --use-all-alignments --report-all-metrics -o quast -t 12

Version: 5.3.0

System information:
  OS: Linux-4.18.0-372.9.1.el8.x86_64-x86_64-with-glibc2.28 (linux_64)
  Python version: 3.10.13
  CPUs number: 32

Started: 2026-02-18 17:48:55

Logging to /work_beegfs/sunam231/genomics/3_hybrid_assembly/quast/quast.log

CWD: /work_beegfs/sunam231/genomics/3_hybrid_assembly
Main parameters: 
  MODE: default, threads: 12, min contig length: 500, min alignment length: 65, min alignment IDY: 95.0, \
  ambiguity: one, use all alignments: true, min local misassembly length: 200, min extensive misassembly length: 1000

Contigs:
  Pre-processing...
  assembly.fasta ==> 3_hybrid_assembly

2026-02-18 17:49:12
Running Basic statistics processor...
  Contig files: 
    3_hybrid_assembly
  Calculating N50 and L50...
    3_hybrid_assembly, N50 = 4332314, L50 = 1, auN = 4215421.0, Total length = 4453949, GC % = 45.71, # N's per 100 kbp =  0.00
  Drawing Nx plot...
    saved to /work_beegfs/sunam231/genomics/3_hybrid_assembly/quast/basic_stats/Nx_plot.pdf
  Drawing cumulative plot...
    saved to /work_beegfs/sunam231/genomics/3_hybrid_assembly/quast/basic_stats/cumulative_plot.pdf
  Drawing GC content plot...
    saved to /work_beegfs/sunam231/genomics/3_hybrid_assembly/quast/basic_stats/GC_content_plot.pdf
  Drawing 3_hybrid_assembly GC content plot...
    saved to /work_beegfs/sunam231/genomics/3_hybrid_assembly/quast/basic_stats/3_hybrid_assembly_GC_content_plot.pdf
Done.

2026-02-18 17:49:20
Running GlimmerHMM...
  3_hybrid_assembly
    /work_beegfs/sunam231/.micromamba/envs/04_quast/bin/glimmerhmm quast/predicted_genes/tmp/tmpu6chemoy/0.fasta \
    -d /work_beegfs/sunam231/.micromamba/envs/04_quast/lib/python3.10/site-packages/quast_libs/glimmer/trained/arabidopsis \
    -g -o quast/predicted_genes/tmp/tmpu6chemoy/0.gff >> quast/predicted_genes/3_hybrid_assembly_glimmer.stderr \
    2>> quast/predicted_genes/3_hybrid_assembly_glimmer.stderr
    /work_beegfs/sunam231/.micromamba/envs/04_quast/bin/glimmerhmm quast/predicted_genes/tmp/tmpu6chemoy/1.fasta \
    -d /work_beegfs/sunam231/.micromamba/envs/04_quast/lib/python3.10/site-packages/quast_libs/glimmer/trained/arabidopsis \
    -g -o quast/predicted_genes/tmp/tmpu6chemoy/1.gff >> quast/predicted_genes/3_hybrid_assembly_glimmer.stderr \
    2>> quast/predicted_genes/3_hybrid_assembly_glimmer.stderr
    /work_beegfs/sunam231/.micromamba/envs/04_quast/bin/glimmerhmm quast/predicted_genes/tmp/tmpu6chemoy/2.fasta \
    -d /work_beegfs/sunam231/.micromamba/envs/04_quast/lib/python3.10/site-packages/quast_libs/glimmer/trained/arabidopsis \
    -g -o quast/predicted_genes/tmp/tmpu6chemoy/2.gff >> quast/predicted_genes/3_hybrid_assembly_glimmer.stderr \
    2>> quast/predicted_genes/3_hybrid_assembly_glimmer.stderr
    /work_beegfs/sunam231/.micromamba/envs/04_quast/bin/glimmerhmm quast/predicted_genes/tmp/tmpu6chemoy/3.fasta \
    -d /work_beegfs/sunam231/.micromamba/envs/04_quast/lib/python3.10/site-packages/quast_libs/glimmer/trained/arabidopsis \
    -g -o quast/predicted_genes/tmp/tmpu6chemoy/3.gff >> quast/predicted_genes/3_hybrid_assembly_glimmer.stderr \
    2>> quast/predicted_genes/3_hybrid_assembly_glimmer.stderr
    /work_beegfs/sunam231/.micromamba/envs/04_quast/bin/glimmerhmm quast/predicted_genes/tmp/tmpu6chemoy/4.fasta \
    -d /work_beegfs/sunam231/.micromamba/envs/04_quast/lib/python3.10/site-packages/quast_libs/glimmer/trained/arabidopsis \
    -g -o quast/predicted_genes/tmp/tmpu6chemoy/4.gff >> quast/predicted_genes/3_hybrid_assembly_glimmer.stderr \
    2>> quast/predicted_genes/3_hybrid_assembly_glimmer.stderr
    Genes = 2495 unique, 2520 total
    Predicted genes (GFF): /work_beegfs/sunam231/genomics/3_hybrid_assembly/quast/predicted_genes/3_hybrid_assembly_glimmer_genes.gff
Done.

2026-02-18 17:49:29
Running Barrnap...
Logging to /work_beegfs/sunam231/genomics/3_hybrid_assembly/quast/predicted_genes/barrnap.log...
/work_beegfs/sunam231/.micromamba/envs/04_quast/lib/python3.10/site-packages/quast_libs/barrnap/bin/barrnap \
--quiet -k bac --threads 12 quast/quast_corrected_input/3_hybrid_assembly.fasta > \
quast/predicted_genes/3_hybrid_assembly.rna.gff 2>> quast/predicted_genes/barrnap.log
    Ribosomal RNA genes = 15
    Predicted genes (GFF): /work_beegfs/sunam231/genomics/3_hybrid_assembly/quast/predicted_genes/3_hybrid_assembly.rna.gff
Done.

2026-02-18 17:49:32
Running BUSCO...
  Downloading third-party tools...
Downloading augustus (file: augustus.tar.gz)...

ERROR! Failed downloading augustus (url: http://bioinf.uni-greifswald.de/augustus/binaries/old/augustus-3.2.3.tar.gz), QUAST functionality will be limited! Exception caught: [Errno socket error] [Errno 101] Network is unreachable
You can try to download the file manually, place it in /work_beegfs/sunam231/.micromamba/envs/04_quast/lib/python3.10/site-packages/quast_libs/augustus3.2.3/augustus.tar.gz and restart QUAST
WARNING: Failed to download augustus from http://bioinf.uni-greifswald.de/augustus/binaries/old/augustus-3.2.3.tar.gzand unpack it into /work_beegfs/sunam231/.micromamba/envs/04_quast/lib/python3.10/site-packages/quast_libs/augustus3.2.3
Failed finding conservative genes.

2026-02-18 17:49:32
Creating large visual summaries...
This may take a while: press Ctrl-C to skip this step..
  1 of 2: Creating PDF with all tables and plots...
  2 of 2: Creating Icarus viewers...
Done

2026-02-18 17:49:40
RESULTS:
  Text versions of total report are saved to /work_beegfs/sunam231/genomics/3_hybrid_assembly/quast/report.txt, report.tsv, and report.tex
  Text versions of transposed total report are saved to /work_beegfs/sunam231/genomics/3_hybrid_assembly/quast/transposed_report.txt, transposed_report.tsv, and transposed_report.tex
  HTML version (interactive tables and plots) is saved to /work_beegfs/sunam231/genomics/3_hybrid_assembly/quast/report.html
  PDF version (tables and plots) is saved to /work_beegfs/sunam231/genomics/3_hybrid_assembly/quast/report.pdf
  Icarus (contig browser) is saved to /work_beegfs/sunam231/genomics/3_hybrid_assembly/quast/icarus.html
  Log is saved to /work_beegfs/sunam231/genomics/3_hybrid_assembly/quast/quast.log

Finished: 2026-02-18 17:49:40
Elapsed time: 0:00:44.938479
NOTICEs: 0; WARNINGs: 1; non-fatal ERRORs: 1

Thank you for using QUAST!
